<?xml version="1.0" encoding="UTF-8"?>
<!-- Generated by org.testng.reporters.JUnitXMLReporter -->
<testsuite ignored="0" hostname="DESKTOP-G7T42I2" failures="0" tests="6" name="Command line test" time="0.081" errors="0" timestamp="2021-04-27T19:52:51 IST">
  <testcase classname="MavenJava.AppiumTest" name="BrowserAutomationAppium" time="0.007"/>
  <testcase classname="MavenJava.AppiumTest" name="ElementsUiAppium" time="0.0"/>
  <testcase classname="MavenJava.RestApiTest" name="BrowserAutomationRestApi" time="0.001"/>
  <testcase classname="MavenJava.RestApiTest" name="ElementsUiRestApi" time="0.0"/>
  <testcase classname="MavenJava.SeleniumTest" name="BrowserAutomationSelenium" time="0.0"/>
  <testcase classname="MavenJava.SeleniumTest" name="ElementsUiSelenium" time="0.0"/>
</testsuite> <!-- Command line test -->
