<?xml version="1.0" encoding="UTF-8"?>
<testng-results ignored="0" total="6" passed="6" failed="0" skipped="0">
  <reporter-output>
  </reporter-output>
  <suite started-at="2021-04-27T19:52:51 IST" name="Command line suite" finished-at="2021-04-27T19:52:51 IST" duration-ms="81">
    <groups>
    </groups>
    <test started-at="2021-04-27T19:52:51 IST" name="Command line test" finished-at="2021-04-27T19:52:51 IST" duration-ms="81">
      <class name="MavenJava.RestApiTest">
        <test-method signature="BrowserAutomationRestApi()[pri:0, instance:MavenJava.RestApiTest@747ddf94]" started-at="2021-04-27T19:52:51 IST" name="BrowserAutomationRestApi" finished-at="2021-04-27T19:52:51 IST" duration-ms="1" status="PASS">
          <reporter-output>
          </reporter-output>
        </test-method> <!-- BrowserAutomationRestApi -->
        <test-method signature="ElementsUiRestApi()[pri:0, instance:MavenJava.RestApiTest@747ddf94]" started-at="2021-04-27T19:52:51 IST" name="ElementsUiRestApi" finished-at="2021-04-27T19:52:51 IST" duration-ms="0" status="PASS">
          <reporter-output>
          </reporter-output>
        </test-method> <!-- ElementsUiRestApi -->
      </class> <!-- MavenJava.RestApiTest -->
      <class name="MavenJava.SeleniumTest">
        <test-method signature="BrowserAutomationSelenium()[pri:0, instance:MavenJava.SeleniumTest@35e2d654]" started-at="2021-04-27T19:52:51 IST" name="BrowserAutomationSelenium" finished-at="2021-04-27T19:52:51 IST" duration-ms="0" status="PASS">
          <reporter-output>
          </reporter-output>
        </test-method> <!-- BrowserAutomationSelenium -->
        <test-method signature="ElementsUiSelenium()[pri:0, instance:MavenJava.SeleniumTest@35e2d654]" started-at="2021-04-27T19:52:51 IST" name="ElementsUiSelenium" finished-at="2021-04-27T19:52:51 IST" duration-ms="0" status="PASS">
          <reporter-output>
          </reporter-output>
        </test-method> <!-- ElementsUiSelenium -->
      </class> <!-- MavenJava.SeleniumTest -->
      <class name="MavenJava.AppiumTest">
        <test-method signature="BrowserAutomationAppium()[pri:0, instance:MavenJava.AppiumTest@3febb011]" started-at="2021-04-27T19:52:51 IST" name="BrowserAutomationAppium" finished-at="2021-04-27T19:52:51 IST" duration-ms="7" status="PASS">
          <reporter-output>
          </reporter-output>
        </test-method> <!-- BrowserAutomationAppium -->
        <test-method signature="ElementsUiAppium()[pri:0, instance:MavenJava.AppiumTest@3febb011]" started-at="2021-04-27T19:52:51 IST" name="ElementsUiAppium" finished-at="2021-04-27T19:52:51 IST" duration-ms="0" status="PASS">
          <reporter-output>
          </reporter-output>
        </test-method> <!-- ElementsUiAppium -->
      </class> <!-- MavenJava.AppiumTest -->
    </test> <!-- Command line test -->
  </suite> <!-- Command line suite -->
</testng-results>
