<?xml version="1.0" encoding="UTF-8"?>
<testng-results ignored="0" total="2" passed="2" failed="0" skipped="0">
  <reporter-output>
  </reporter-output>
  <suite started-at="2021-04-25T21:17:47 IST" name="Default suite" finished-at="2021-04-25T21:17:47 IST" duration-ms="72">
    <groups>
    </groups>
    <test started-at="2021-04-25T21:17:47 IST" name="Default test" finished-at="2021-04-25T21:17:47 IST" duration-ms="72">
      <class name="MavenJava.AppiumTest">
        <test-method signature="BrowserAutomationAppium()[pri:0, instance:MavenJava.AppiumTest@34f7cfd9]" started-at="2021-04-25T21:17:47 IST" name="BrowserAutomationAppium" finished-at="2021-04-25T21:17:47 IST" duration-ms="12" status="PASS">
          <reporter-output>
          </reporter-output>
        </test-method> <!-- BrowserAutomationAppium -->
        <test-method signature="ElementsUiAppium()[pri:0, instance:MavenJava.AppiumTest@34f7cfd9]" started-at="2021-04-25T21:17:47 IST" name="ElementsUiAppium" finished-at="2021-04-25T21:17:47 IST" duration-ms="1" status="PASS">
          <reporter-output>
          </reporter-output>
        </test-method> <!-- ElementsUiAppium -->
      </class> <!-- MavenJava.AppiumTest -->
    </test> <!-- Default test -->
  </suite> <!-- Default suite -->
</testng-results>
